<?xml version="1.0" encoding="UTF-8"?>
<!-- Generated by org.testng.reporters.JUnitReportReporter -->
<testsuite hostname="DESKTOP-OD52FIN" failures="0" tests="1" name="com.nopcommerce.testCases.TC_AddCustomerTest_003" time="19.478" errors="0" timestamp="06 Nov 2019 01:41:47 GMT" skipped="0">
  <testcase classname="com.nopcommerce.testCases.TC_AddCustomerTest_003" name="addCutomer" time="19.478"/>
</testsuite> <!-- com.nopcommerce.testCases.TC_AddCustomerTest_003 -->
