<?xml version="1.0" encoding="UTF-8"?>
<!-- Generated by org.testng.reporters.JUnitReportReporter -->
<testsuite hostname="DESKTOP-OD52FIN" failures="0" tests="1" name="com.nopcommerce.testCases.TC_AddCustomerTest_003" time="18.822" errors="0" timestamp="19 Apr 2019 02:46:28 GMT" skipped="0">
  <testcase classname="com.nopcommerce.testCases.TC_AddCustomerTest_003" name="addCutomer" time="18.822"/>
</testsuite> <!-- com.nopcommerce.testCases.TC_AddCustomerTest_003 -->
