<?xml version="1.0" encoding="UTF-8"?>
<!-- Generated by org.testng.reporters.JUnitReportReporter -->
<testsuite hostname="DESKTOP-OD52FIN" failures="0" tests="1" name="com.nopcommerce.testCases.TC_LoginTest_001" time="4.239" errors="0" timestamp="21 Apr 2019 00:08:03 GMT" skipped="0">
  <testcase classname="com.nopcommerce.testCases.TC_LoginTest_001" name="LoginTest" time="4.239"/>
</testsuite> <!-- com.nopcommerce.testCases.TC_LoginTest_001 -->
